<?xml version="1.0" encoding="UTF-8"?>
<!-- Generated by org.testng.reporters.JUnitXMLReporter -->
<testsuite hostname="CHM-IT002-L065" ignored="0" name="Surefire test" tests="3" failures="0" timestamp="27 Sep 2020 17:21:47 GMT" time="0.099" errors="0">
  <testcase name="@BeforeTest initialize" time="0.065" classname="Greenview.Automation.AddPropertyTest">
    <failure type="java.lang.IllegalStateException" message="The driver executable does not exist: D:\AutomationSeleniumsrc\main\java\resources\chromedriver.exe">
      <![CDATA[java.lang.IllegalStateException: The driver executable does not exist: D:\AutomationSeleniumsrc\main\java\resources\chromedriver.exe
at com.google.common.base.Preconditions.checkState(Preconditions.java:585)
at org.openqa.selenium.remote.service.DriverService.checkExecutable(DriverService.java:146)
at org.openqa.selenium.remote.service.DriverService.findExecutable(DriverService.java:141)
at org.openqa.selenium.chrome.ChromeDriverService.access$000(ChromeDriverService.java:35)
at org.openqa.selenium.chrome.ChromeDriverService$Builder.findDefaultExecutable(ChromeDriverService.java:159)
at org.openqa.selenium.remote.service.DriverService$Builder.build(DriverService.java:355)
at org.openqa.selenium.chrome.ChromeDriverService.createDefaultService(ChromeDriverService.java:94)
at org.openqa.selenium.chrome.ChromeDriver.<init>(ChromeDriver.java:123)
at resources.base.initializeDriver(base.java:40)
at Greenview.Automation.AddPropertyTest.initialize(AddPropertyTest.java:50)
... Removed 29 stack frames]]>
    </failure>
  </testcase> <!-- @BeforeTest initialize -->
  <testcase name="@BeforeTest initialize" time="0.0" classname="Greenview.Automation.PerformanceTest">
    <skipped/>
  </testcase> <!-- @BeforeTest initialize -->
  <testcase name="@BeforeTest initialize" time="0.0" classname="Greenview.Automation.SearchUserTest">
    <skipped/>
  </testcase> <!-- @BeforeTest initialize -->
  <testcase name="@AfterTest teardown" time="0.0" classname="Greenview.Automation.AddPropertyTest">
    <skipped/>
  </testcase> <!-- @AfterTest teardown -->
  <testcase name="@AfterTest teardown" time="0.0" classname="Greenview.Automation.PerformanceTest">
    <skipped/>
  </testcase> <!-- @AfterTest teardown -->
  <testcase name="@AfterTest teardown" time="0.0" classname="Greenview.Automation.SearchUserTest">
    <skipped/>
  </testcase> <!-- @AfterTest teardown -->
  <testcase name="Login" time="0.0" classname="Greenview.Automation.AddPropertyTest">
    <skipped/>
  </testcase> <!-- Login -->
  <testcase name="Reports" time="0.0" classname="Greenview.Automation.PerformanceTest">
    <skipped/>
  </testcase> <!-- Reports -->
  <testcase name="Login" time="0.0" classname="Greenview.Automation.SearchUserTest">
    <skipped/>
  </testcase> <!-- Login -->
</testsuite> <!-- Surefire test -->
