-------------------------------------------------------------------------------
Test set: TestSuite
-------------------------------------------------------------------------------
Tests run: 9, Failures: 1, Errors: 0, Skipped: 8, Time elapsed: 1.325 s <<< FAILURE! - in TestSuite
initialize(Greenview.Automation.AddPropertyTest)  Time elapsed: 1.179 s  <<< FAILURE!
java.lang.IllegalStateException: The driver executable does not exist: D:\AutomationSeleniumsrc\main\java\resources\chromedriver.exe
	at Greenview.Automation.AddPropertyTest.initialize(AddPropertyTest.java:50)

